2025-12-17 08:30:00 | WARN | repo=course-sys-int-systems | action=test | passed=true
2025-12-20 07:30:00 | WARN | repo=course-sys-int-systems | action=commit
2025-08-04 15:09:00 | DEBUG | repo=course-sys-int-systems | action=commit
2025-01-20 18:41:00 | DEBUG | repo=course-sys-int-systems | action=commit
2025-04-27 19:47:00 | WARN | repo=course-sys-int-systems | action=commit
2025-06-14 16:07:00 | INFO | repo=course-sys-int-systems | action=test | passed=true
2025-11-09 21:29:00 | DEBUG | repo=course-sys-int-systems | action=commit
2025-07-18 14:08:00 | WARN | repo=course-sys-int-systems | action=commit
2025-01-21 14:28:00 | INFO | repo=course-sys-int-systems | action=commit
2025-04-13 13:43:00 | WARN | repo=course-sys-int-systems | action=commit
2025-10-23 18:49:00 | DEBUG | repo=course-sys-int-systems | action=edit | files=2
2025-05-23 11:34:00 | INFO | repo=course-sys-int-systems | action=commit
2025-11-11 07:20:00 | WARN | repo=course-sys-int-systems | action=commit
2025-10-16 20:16:00 | INFO | repo=course-sys-int-systems | action=commit
2025-09-20 10:08:00 | DEBUG | repo=course-sys-int-systems | action=commit
2025-11-19 16:04:00 | DEBUG | repo=course-sys-int-systems | action=commit
2025-09-01 10:00:00 | DEBUG | repo=course-sys-int-systems | action=commit
2025-07-08 08:13:00 | DEBUG | repo=course-sys-int-systems | action=commit
2025-01-14 19:25:00 | INFO | repo=course-sys-int-systems | action=edit | files=3
2025-06-19 15:21:00 | INFO | repo=course-sys-int-systems | action=commit
2025-08-05 20:40:00 | INFO | repo=course-sys-int-systems | action=pull
2025-06-07 21:07:00 | INFO | repo=course-sys-int-systems | action=commit
